#
# A fatal error has been detected by the Java Runtime Environment:
#
#  Internal Error (constantPool.cpp:1351), pid=5184, tid=5704
#  Error: ShouldNotReachHere()
#
# JRE version: Java(TM) SE Runtime Environment (8.0_05-b13) (build 1.8.0_05-b13)
# Java VM: Java HotSpot(TM) Client VM (25.5-b02 mixed mode windows-x86 )
# Failed to write core dump. Minidumps are not enabled by default on client versions of Windows
#
# If you would like to submit a bug report, please visit:
#   http://bugreport.sun.com/bugreport/crash.jsp
#

---------------  T H R E A D  ---------------

Current thread (0x140d5000):  JavaThread "JDWP Transport Listener: dt_socket" daemon [_thread_in_vm, id=5704, stack(0x01130000,0x01180000)]

Stack: [0x01130000,0x01180000],  sp=0x0117ef18,  free space=315k
Native frames: (J=compiled Java code, j=interpreted, Vv=VM code, C=native code)
V  [jvm.dll+0x1921e8]
V  [jvm.dll+0x18b3d4]
V  [jvm.dll+0xa0253]
V  [jvm.dll+0x11805d]
V  [jvm.dll+0x11a3ba]
V  [jvm.dll+0x11ab01]
V  [jvm.dll+0x11b313]
V  [jvm.dll+0x100aea]
V  [jvm.dll+0x20ed73]
C  [jdwp.dll+0x7ec8]
C  [jdwp.dll+0xbd34]


---------------  P R O C E S S  ---------------

Java Threads: ( => current thread )
  0x1410a000 JavaThread "Service Thread" daemon [_thread_blocked, id=3644, stack(0x14640000,0x14690000)]
  0x140e4000 JavaThread "C1 CompilerThread0" daemon [_thread_blocked, id=1156, stack(0x147d0000,0x14820000)]
  0x140dd400 JavaThread "JDWP Command Reader" daemon [_thread_in_native, id=2928, stack(0x14740000,0x14790000)]
  0x140dc800 JavaThread "JDWP Event Helper Thread" daemon [_thread_blocked, id=1968, stack(0x14890000,0x148e0000)]
=>0x140d5000 JavaThread "JDWP Transport Listener: dt_socket" daemon [_thread_in_vm, id=5704, stack(0x01130000,0x01180000)]
  0x140be000 JavaThread "Attach Listener" daemon [_thread_blocked, id=4280, stack(0x14360000,0x143b0000)]
  0x140d0c00 JavaThread "Signal Dispatcher" daemon [_thread_blocked, id=4904, stack(0x14460000,0x144b0000)]
  0x14081400 JavaThread "Finalizer" daemon [_thread_blocked, id=4564, stack(0x03af0000,0x03b40000)]
  0x1407a400 JavaThread "Reference Handler" daemon [_thread_blocked, id=1336, stack(0x03ba0000,0x03bf0000)]
  0x01a5d400 JavaThread "main" [_thread_blocked, id=2900, stack(0x01aa0000,0x01af0000)]

Other Threads:
  0x14077000 VMThread [stack: 0x142a0000,0x142f0000] [id=1284]
  0x1410bc00 WatcherThread [stack: 0x146d0000,0x14720000] [id=3760]

VM state:not at safepoint (normal execution)

VM Mutex/Monitor currently owned by a thread: None

Heap:
 def new generation   total 4928K, used 1484K [0x03c00000, 0x04150000, 0x09150000)
  eden space 4416K,  33% used [0x03c00000, 0x03d73390, 0x04050000)
  from space 512K,   0% used [0x04050000, 0x04050000, 0x040d0000)
  to   space 512K,   0% used [0x040d0000, 0x040d0000, 0x04150000)
 tenured generation   total 10944K, used 0K [0x09150000, 0x09c00000, 0x13c00000)
   the space 10944K,   0% used [0x09150000, 0x09150000, 0x09150200, 0x09c00000)
 Metaspace       used 1866K, capacity 2244K, committed 2368K, reserved 4480K

Card table byte_map: [0x01970000,0x01a00000] byte_map_base: 0x01952000

Polling page: 0x00180000

CodeCache: size=32768Kb used=714Kb max_used=714Kb free=32054Kb
 bounds [0x01af0000, 0x01ba8000, 0x03af0000]
 total_blobs=164 nmethods=32 adapters=72
 compilation: enabled

Compilation events (10 events):
Event: 0.157 Thread 0x140e4000   28             java.lang.Math::max (11 bytes)
Event: 0.157 Thread 0x140e4000 nmethod 28 0x01b9fac8 code [0x01b9fbc0, 0x01b9fc30]
Event: 0.158 Thread 0x140e4000   29             java.util.jar.JarFile::match (116 bytes)
Event: 0.158 Thread 0x140e4000 nmethod 29 0x01b9fc88 code [0x01b9fd90, 0x01b9ff40]
Event: 0.159 Thread 0x140e4000   30             sun.nio.cs.ext.DoubleByte$Encoder::encode (161 bytes)
Event: 0.160 Thread 0x140e4000 nmethod 30 0x01ba0188 code [0x01ba02b0, 0x01ba0640]
Event: 0.160 Thread 0x140e4000   31             sun.nio.cs.ext.DoubleByte$Encoder::encodeChar (21 bytes)
Event: 0.160 Thread 0x140e4000 nmethod 31 0x01ba0bc8 code [0x01ba0cc0, 0x01ba0d90]
Event: 0.160 Thread 0x140e4000   32   !         java.io.BufferedReader::readLine (304 bytes)
Event: 0.161 Thread 0x140e4000 nmethod 32 0x01ba0e88 code [0x01ba1050, 0x01ba1cb4]

GC Heap History (0 events):
No events

Deoptimization events (0 events):
No events

Internal exceptions (7 events):
Event: 0.026 Thread 0x01a5d400 Exception <a 'java/lang/NoSuchMethodError': Method sun.misc.Unsafe.defineClass(Ljava/lang/String;[BII)Ljava/lang/Class; name or signature does not match> (0x03c0fbd0) thrown at [D:\re\workspace\8-2-build-windows-i586-cygwin\jdk8u5\2488\hotspot\src\share\vmÇÞðGáš?
Event: 0.026 Thread 0x01a5d400 Exception <a 'java/lang/NoSuchMethodError': Method sun.misc.Unsafe.prefetchRead(Ljava/lang/Object;J)V name or signature does not match> (0x03c0fe50) thrown at [D:\re\workspace\8-2-build-windows-i586-cygwin\jdk8u5\2488\hotspot\src\share\vm\prims\jni.cpp, liÂünŸd=À?
Event: 0.127 Thread 0x01a5d400 Exception <a 'java/security/PrivilegedActionException'> (0x03cd6550) thrown at [D:\re\workspace\8-2-build-windows-i586-cygwin\jdk8u5\2488\hotspot\src\share\vm\prims\jvm.cpp, line 1248]
Event: 0.141 Thread 0x01a5d400 Exception <a 'java/security/PrivilegedActionException'> (0x03cdce78) thrown at [D:\re\workspace\8-2-build-windows-i586-cygwin\jdk8u5\2488\hotspot\src\share\vm\prims\jvm.cpp, line 1248]
Event: 0.162 Thread 0x01a5d400 Exception <a 'java/security/PrivilegedActionException'> (0x03d711b8) thrown at [D:\re\workspace\8-2-build-windows-i586-cygwin\jdk8u5\2488\hotspot\src\share\vm\prims\jvm.cpp, line 1248]
Event: 0.162 Thread 0x01a5d400 Exception <a 'java/lang/NoClassDefFoundError': com/sizmoj/blog/common/persistence/JDBCUtils> (0x03d713e0) thrown at [D:\re\workspace\8-2-build-windows-i586-cygwin\jdk8u5\2488\hotspot\src\share\vm\classfile\systemDictionary.cpp, line 191]
Event: 0.162 Thread 0x01a5d400 Exception <a 'java/lang/NoClassDefFoundError': com/sizmoj/blog/common/persistence/JDBCUtils> (0x03d71608) thrown at [D:\re\workspace\8-2-build-windows-i586-cygwin\jdk8u5\2488\hotspot\src\share\vm\oops\constantPool.cpp, line 226]

Events (10 events):
Event: 0.151 loading class sun/misc/IOUtils
Event: 0.151 loading class sun/misc/IOUtils done
Event: 0.160 loading class java/util/LinkedList
Event: 0.161 loading class java/util/AbstractSequentialList
Event: 0.161 loading class java/util/AbstractSequentialList done
Event: 0.161 loading class java/util/LinkedList done
Event: 0.161 loading class java/util/LinkedList$Node
Event: 0.161 loading class java/util/LinkedList$Node done
Event: 4.231 Executing VM operation: EnableBiasedLocking
Event: 4.231 Executing VM operation: EnableBiasedLocking done


Dynamic libraries:
0x01260000 - 0x01290000 	D:\Java\jdk1.8.0_05\bin\javaw.exe
0x77950000 - 0x77a8c000 	C:\Windows\SYSTEM32\ntdll.dll
0x77160000 - 0x77234000 	C:\Windows\system32\kernel32.dll
0x759e0000 - 0x75a2b000 	C:\Windows\system32\KERNELBASE.dll
0x76280000 - 0x76320000 	C:\Windows\system32\ADVAPI32.dll
0x763b0000 - 0x7645c000 	C:\Windows\system32\msvcrt.dll
0x77ab0000 - 0x77ac9000 	C:\Windows\SYSTEM32\sechost.dll
0x77420000 - 0x774c2000 	C:\Windows\system32\RPCRT4.dll
0x77880000 - 0x77949000 	C:\Windows\system32\USER32.dll
0x76160000 - 0x761ae000 	C:\Windows\system32\GDI32.dll
0x76140000 - 0x7614a000 	C:\Windows\system32\LPK.dll
0x77500000 - 0x7759d000 	C:\Windows\system32\USP10.dll
0x74c80000 - 0x74e1e000 	C:\Windows\WinSxS\x86_microsoft.windows.common-controls_6595b64144ccf1df_6.0.7601.17514_none_41e6975e2bd6f2b2\COMCTL32.dll
0x75ce0000 - 0x75d37000 	C:\Windows\system32\SHLWAPI.dll
0x76460000 - 0x7647f000 	C:\Windows\system32\IMM32.DLL
0x761b0000 - 0x7627c000 	C:\Windows\system32\MSCTF.dll
0x59990000 - 0x59a4f000 	D:\Java\jdk1.8.0_05\jre\bin\msvcr100.dll
0x583f0000 - 0x58786000 	D:\Java\jdk1.8.0_05\jre\bin\client\jvm.dll
0x6d400000 - 0x6d407000 	C:\Windows\system32\WSOCK32.dll
0x75ee0000 - 0x75f15000 	C:\Windows\system32\WS2_32.dll
0x77aa0000 - 0x77aa6000 	C:\Windows\system32\NSI.dll
0x749e0000 - 0x74a12000 	C:\Windows\system32\WINMM.dll
0x76150000 - 0x76155000 	C:\Windows\system32\PSAPI.DLL
0x73120000 - 0x7312c000 	D:\Java\jdk1.8.0_05\jre\bin\verify.dll
0x72d30000 - 0x72d51000 	D:\Java\jdk1.8.0_05\jre\bin\java.dll
0x72af0000 - 0x72b19000 	D:\Java\jdk1.8.0_05\jre\bin\jdwp.dll
0x74280000 - 0x74287000 	D:\Java\jdk1.8.0_05\jre\bin\npt.dll
0x5e4e0000 - 0x5e4f3000 	D:\Java\jdk1.8.0_05\jre\bin\zip.dll
0x76480000 - 0x770ca000 	C:\Windows\system32\SHELL32.dll
0x772c0000 - 0x7741c000 	C:\Windows\system32\ole32.dll
0x759c0000 - 0x759cb000 	C:\Windows\system32\profapi.dll
0x72dd0000 - 0x72dd8000 	D:\Java\jdk1.8.0_05\jre\bin\dt_socket.dll
0x73f20000 - 0x73f30000 	C:\Windows\system32\NLAapi.dll
0x71bb0000 - 0x71bc0000 	C:\Windows\system32\napinsp.dll
0x71ae0000 - 0x71af2000 	C:\Windows\system32\pnrpnsp.dll
0x753c0000 - 0x753fc000 	C:\Windows\System32\mswsock.dll
0x75280000 - 0x752c4000 	C:\Windows\system32\DNSAPI.dll
0x71ad0000 - 0x71ad8000 	C:\Windows\System32\winrnr.dll
0x74f60000 - 0x74f7c000 	C:\Windows\system32\IPHLPAPI.DLL
0x74f50000 - 0x74f57000 	C:\Windows\system32\WINNSI.DLL
0x73830000 - 0x73868000 	C:\Windows\System32\fwpuclnt.dll
0x73b50000 - 0x73b56000 	C:\Windows\system32\rasadhlp.dll
0x74940000 - 0x74945000 	C:\Windows\System32\wshtcpip.dll
0x71f20000 - 0x7200b000 	C:\Windows\system32\dbghelp.dll

VM Arguments:
jvm_args: -agentlib:jdwp=transport=dt_socket,suspend=y,address=localhost:51763 -Dfile.encoding=UTF-8 
java_command: com.sizmoj.blog.common.persistence.Druid_Dbutils_fully_test
java_class_path (initial): C:\Users\Administrator\workspace\blog\target\test-classes;C:\Users\Administrator\workspace\blog\target\classes;D:\apache-tomcat-7.0.55\lib\annotations-api.jar;D:\apache-tomcat-7.0.55\lib\catalina-ant.jar;D:\apache-tomcat-7.0.55\lib\catalina-ha.jar;D:\apache-tomcat-7.0.55\lib\catalina-tribes.jar;D:\apache-tomcat-7.0.55\lib\catalina.jar;D:\apache-tomcat-7.0.55\lib\ecj-4.4.jar;D:\apache-tomcat-7.0.55\lib\el-api.jar;D:\apache-tomcat-7.0.55\lib\jasper-el.jar;D:\apache-tomcat-7.0.55\lib\jasper.jar;D:\apache-tomcat-7.0.55\lib\jsp-api.jar;D:\apache-tomcat-7.0.55\lib\servlet-api.jar;D:\apache-tomcat-7.0.55\lib\tomcat-api.jar;D:\apache-tomcat-7.0.55\lib\tomcat-coyote.jar;D:\apache-tomcat-7.0.55\lib\tomcat-dbcp.jar;D:\apache-tomcat-7.0.55\lib\tomcat-i18n-es.jar;D:\apache-tomcat-7.0.55\lib\tomcat-i18n-fr.jar;D:\apache-tomcat-7.0.55\lib\tomcat-i18n-ja.jar;D:\apache-tomcat-7.0.55\lib\tomcat-jdbc.jar;D:\apache-tomcat-7.0.55\lib\tomcat-util.jar;D:\apache-tomcat-7.0.55\lib\tomcat7-websocket.jar;D:\apache-tomcat-7.0.55\lib\websocket-api.jar;E:\eclipse\plugins\org.junit_4.11.0.v201303080030\junit.jar;E:\eclipse\plugins\org.hamcrest.core_1.3.0.v201303031735.jar;C:\Users\Administrator\.m2\repository\org\apache\commons\commons-lang3\3.3.2\commons-lang3-3.3.2.jar;C:\Users\Administrator\.m2\repository\org\slf4j\slf4j-api\1.6.6\slf4j-api-1.6.6.jar;C:\Users\Administrator\.m2\repository\ch\qos\logback\logback-classic\1.1.2\logback-classic-1.1.2.jar;C:\Users\Administrator\.m2\repository\ch\qos\logback\logback-core\1.1.2\logback-core-1.1.2.jar;C:\Users\Administrator\.m2\repository\com\alibaba\druid\1.0.5\druid-1.0.5.jar;C:\Users\Administrator\.m2\repository\commons-dbutils\commons-dbutils\1.6\commons-dbutils-1.6.jar;C:\Users\Administrator\.m2\repository\mysql\mysql-connector-java\5.1.18\mysql-connector-java-5.1.18.jar;C:\Users\Administrator\.m2\repository\jstl\jstl\1.2\jstl-1.2.jar;C:\Users\Administrator\.m2\repository\taglibs\standard\1.1.2\standard-1.1.2.jar
Launcher Type: SUN_STANDARD

Environment Variables:
JAVA_HOME=D:\Java\jdk1.8.0_05
PATH=D:\Java\jdk1.8.0_05\jre\bin;D:/Java/jre8/bin/client;D:/Java/jre8/bin;D:/Java/jre8/lib/i386;C:\Windows\system32;C:\Windows;C:\Windows\System32\Wbem;C:\Windows\System32\WindowsPowerShell\v1.0\;C:\Program Files\MySQL\MySQL Server 5.1\bin;E:\maven322\bin;D:\Java\jdk1.8.0_05\bin;C:\Program Files\OpenVPN\bin;E:\eclipse;
USERNAME=Administrator
OS=Windows_NT
PROCESSOR_IDENTIFIER=x86 Family 6 Model 58 Stepping 9, GenuineIntel



---------------  S Y S T E M  ---------------

OS: Windows 7 Build 7601 Service Pack 1

CPU:total 4 (2 cores per cpu, 2 threads per core) family 6 model 58 stepping 9, cmov, cx8, fxsr, mmx, sse, sse2, sse3, ssse3, sse4.1, sse4.2, popcnt, avx, clmul, erms, ht, tsc, tscinvbit

Memory: 4k page, physical 3574808k(1543148k free), swap 7147864k(4459084k free)

vm_info: Java HotSpot(TM) Client VM (25.5-b02) for windows-x86 JRE (1.8.0_05-b13), built on Mar 18 2014 01:14:47 by "java_re" with MS VC++ 10.0 (VS2010)

time: Sat Aug 23 16:47:32 2014
elapsed time: 32 seconds

